<?xml version="1.0" encoding="UTF-8"?>
<testsuite xmlns:xsi="http://www.w3.org/2001/XMLSchema-instance" xsi:noNamespaceSchemaLocation="https://maven.apache.org/surefire/maven-surefire-plugin/xsd/surefire-test-report-3.0.xsd" version="3.0" name="executabledriver.DriverStart" time="1.302" tests="48" errors="0" skipped="0" failures="0">
  <properties>
[...]
</properties>
  <testcase name="Given user has idea of mathematics" classname="Scenario: Addition of two numbers" time="0.001"/>
  <testcase name="When addition of two numbers is performed" classname="Scenario: Addition of two numbers" time="0"/>
  <testcase name="Then output should be displayed" classname="Scenario: Addition of two numbers" time="0"/>
  <testcase name="" classname="Scenario: Addition of two numbers" time="0.001"/>
  <testcase name="Given user has idea of mathematics" classname="Scenario: Substraction of two numbers" time="0.001"/>
  <testcase name="When subsaraction of &quot;5&quot; and &quot;6&quot; numbers is performed" classname="Scenario: Substraction of two numbers" time="0"/>
  <testcase name="Then output should be displayed as &quot;-1&quot;" classname="Scenario: Substraction of two numbers" time="0"/>
  <testcase name="" classname="Scenario: Substraction of two numbers" time="0.001"/>
  <testcase name="Given user has idea of mathematics" classname="Scenario: Multiplication of two numbers" time="0"/>
  <testcase name="When multiplication of &quot;5&quot; table is performed" classname="Scenario: Multiplication of two numbers" time="0.001"/>
  <testcase name="Then output should be displayed as follows" classname="Scenario: Multiplication of two numbers" time="0"/>
  <testcase name="" classname="Scenario: Multiplication of two numbers" time="0.001"/>
  <testcase name="Given user has idea of mathematics" classname="Scenario: add sub mul of two numbers" time="0"/>
  <testcase name="When add  sub  mul of &quot;5&quot; and &quot;6&quot;  is performed" classname="Scenario: add sub mul of two numbers" time="0"/>
  <testcase name="Then output should be displayed for all" classname="Scenario: add sub mul of two numbers" time="0"/>
  <testcase name="" classname="Scenario: add sub mul of two numbers" time="0.002"/>
  <testcase name="Given user has idea of mathematics" classname="Scenario: only add and sub of two numbers" time="0"/>
  <testcase name="When on &quot;3&quot; and &quot;4&quot; only add and sub is performed" classname="Scenario: only add and sub of two numbers" time="0"/>
  <testcase name="Then for for add and sub output should be displayed only" classname="Scenario: only add and sub of two numbers" time="0"/>
  <testcase name="" classname="Scenario: only add and sub of two numbers" time="0.001"/>
  <testcase name="Given user has idea of java core" classname="Scenario: print all the inputs" time="0"/>
  <testcase name="When user has given set of inputs" classname="Scenario: print all the inputs" time="0"/>
  <testcase name="Then all the things need to be printed" classname="Scenario: print all the inputs" time="0"/>
  <testcase name="" classname="Scenario: print all the inputs" time="0"/>
  <testcase name="Given data is given for key mapping" classname="| dheraj |" time="0"/>
  <testcase name="When values are given for looping" classname="| dheraj |" time="0"/>
  <testcase name="Then all the &quot;dheraj&quot; should be printed" classname="| dheraj |" time="0.001"/>
  <testcase name="" classname="| dheraj |" time="0.001"/>
  <testcase name="Given data is given for key mapping" classname="| mahalakshmi |" time="0"/>
  <testcase name="When values are given for looping" classname="| mahalakshmi |" time="0"/>
  <testcase name="Then all the &quot;mahalakshmi&quot; should be printed" classname="| mahalakshmi |" time="0"/>
  <testcase name="" classname="| mahalakshmi |" time="0.001"/>
  <testcase name="Given data is given for key mapping" classname="| ravindra |" time="0"/>
  <testcase name="When values are given for looping" classname="| ravindra |" time="0"/>
  <testcase name="Then all the &quot;ravindra&quot; should be printed" classname="| ravindra |" time="0"/>
  <testcase name="" classname="| ravindra |" time="0"/>
  <testcase name="Given data is given for key mapping" classname="| dheraj | kumar |" time="0"/>
  <testcase name="When values are given for looping" classname="| dheraj | kumar |" time="0"/>
  <testcase name="Then all the &quot;dheraj&quot; and &quot;kumar&quot; should be printed" classname="| dheraj | kumar |" time="0"/>
  <testcase name="" classname="| dheraj | kumar |" time="0.001"/>
  <testcase name="Given data is given for key mapping" classname="| mahalakshmi | bachu |" time="0"/>
  <testcase name="When values are given for looping" classname="| mahalakshmi | bachu |" time="0"/>
  <testcase name="Then all the &quot;mahalakshmi&quot; and &quot;bachu&quot; should be printed" classname="| mahalakshmi | bachu |" time="0"/>
  <testcase name="" classname="| mahalakshmi | bachu |" time="0.001"/>
  <testcase name="Given data is given for key mapping" classname="| ravindra | doctor |" time="0.001"/>
  <testcase name="When values are given for looping" classname="| ravindra | doctor |" time="0"/>
  <testcase name="Then all the &quot;ravindra&quot; and &quot;doctor&quot; should be printed" classname="| ravindra | doctor |" time="0"/>
  <testcase name="" classname="| ravindra | doctor |" time="0"/>
</testsuite>